e:\c++程序设计\课程设计\drawing\drawing\debug\vc141.pdb
e:\c++程序设计\课程设计\drawing\drawing\debug\vc141.idb
e:\c++程序设计\课程设计\drawing\drawing\debug\drawingview.obj
e:\c++程序设计\课程设计\drawing\drawing\debug\drawing.obj
e:\c++程序设计\课程设计\drawing\drawing\debug\mainfrm.obj
e:\c++程序设计\课程设计\drawing\drawing\debug\drawingdoc.obj
e:\c++程序设计\课程设计\drawing\drawing\debug\cshapedlg.obj
e:\c++程序设计\课程设计\drawing\drawing\debug\csquare.obj
e:\c++程序设计\课程设计\drawing\drawing\debug\cshape.obj
e:\c++程序设计\课程设计\drawing\drawing\debug\crectangle.obj
e:\c++程序设计\课程设计\drawing\drawing\debug\ccircle.obj
e:\c++程序设计\课程设计\drawing\drawing\debug\cellipse.obj
e:\c++程序设计\课程设计\drawing\drawing\debug\ctriangle.obj
e:\c++程序设计\课程设计\drawing\drawing\debug\ctext.obj
e:\c++程序设计\课程设计\drawing\drawing\debug\attributedlg.obj
e:\c++程序设计\课程设计\drawing\drawing\debug\drawing.pch
e:\c++程序设计\课程设计\drawing\drawing\debug\stdafx.obj
e:\c++程序设计\课程设计\drawing\drawing\debug\attributedialog.obj
e:\c++程序设计\课程设计\drawing\debug\drawing.exe
e:\c++程序设计\课程设计\drawing\debug\drawing.ilk
e:\c++程序设计\课程设计\drawing\debug\drawing.pdb
e:\c++程序设计\课程设计\drawing\drawing\debug\drawing.res
e:\c++程序设计\课程设计\drawing\drawing\debug\drawing.tlog\cl.command.1.tlog
e:\c++程序设计\课程设计\drawing\drawing\debug\drawing.tlog\cl.read.1.tlog
e:\c++程序设计\课程设计\drawing\drawing\debug\drawing.tlog\cl.write.1.tlog
e:\c++程序设计\课程设计\drawing\drawing\debug\drawing.tlog\link.command.1.tlog
e:\c++程序设计\课程设计\drawing\drawing\debug\drawing.tlog\link.read.1.tlog
e:\c++程序设计\课程设计\drawing\drawing\debug\drawing.tlog\link.write.1.tlog
e:\c++程序设计\课程设计\drawing\drawing\debug\drawing.tlog\rc.command.1.tlog
e:\c++程序设计\课程设计\drawing\drawing\debug\drawing.tlog\rc.read.1.tlog
e:\c++程序设计\课程设计\drawing\drawing\debug\drawing.tlog\rc.write.1.tlog
